<?xml version="1.0" encoding="UTF-8"?>
<!-- Generated by org.testng.reporters.JUnitReportReporter -->
<testsuite hostname="DESKTOP-141UIPT" failures="0" tests="5" name="Groups.Example1" time="0.021" errors="0" timestamp="2022-01-18T12:36:45 IST" skipped="0">
  <testcase classname="Groups.Example1" name="test2" time="0.002"/>
  <system-out/>
  <testcase classname="Groups.Example1" name="test1" time="0.004"/>
  <system-out/>
  <testcase classname="Groups.Example1" name="test3" time="0.001"/>
  <system-out/>
  <testcase classname="Groups.Example1" name="test" time="0.012"/>
  <system-out/>
  <testcase classname="Groups.Example1" name="test4" time="0.002"/>
  <system-out/>
</testsuite> <!-- Groups.Example1 -->
