<?xml version="1.0" encoding="UTF-8"?>
<!-- Generated by org.testng.reporters.JUnitReportReporter -->
<testsuite hostname="DESKTOP-141UIPT" failures="0" tests="3" name="DataProvider.Example1" time="0.020" errors="0" timestamp="2022-01-19T09:52:05 IST" skipped="0">
  <testcase classname="DataProvider.Example1" name="test" time="0.003"/>
  <system-out/>
  <testcase classname="DataProvider.Example1" name="test" time="0.008"/>
  <system-out/>
  <testcase classname="DataProvider.Example1" name="test" time="0.009"/>
  <system-out/>
</testsuite> <!-- DataProvider.Example1 -->
