<?xml version="1.0" encoding="UTF-8"?>
<!-- Generated by org.testng.reporters.JUnitReportReporter -->
<testsuite hostname="DESKTOP-141UIPT" failures="0" tests="3" name="DataProvider.Example3" time="0.014" errors="0" timestamp="2022-01-18T12:48:53 IST" skipped="0">
  <testcase classname="DataProvider.Example3" name="test" time="0.002"/>
  <system-out/>
  <testcase classname="DataProvider.Example3" name="test" time="0.002"/>
  <system-out/>
  <testcase classname="DataProvider.Example3" name="test" time="0.010"/>
  <system-out/>
</testsuite> <!-- DataProvider.Example3 -->
