<?xml version="1.0" encoding="UTF-8"?>
<!-- Generated by org.testng.reporters.JUnitReportReporter -->
<testsuite hostname="DESKTOP-141UIPT" failures="0" tests="2" name="ParallelExecution.Example1" time="16.916" errors="0" timestamp="2022-01-18T13:05:23 IST" skipped="0">
  <testcase classname="ParallelExecution.Example1" name="chrome" time="5.284"/>
  <system-out/>
  <testcase classname="ParallelExecution.Example1" name="firefox" time="11.632"/>
  <system-out/>
</testsuite> <!-- ParallelExecution.Example1 -->
